2025-07-30 15:32:20 - root - INFO - Starting Baseline_B5_A Training
2025-07-30 15:32:20 - root - INFO - Training videos: 24 videos
2025-07-30 15:32:20 - root - INFO - Validation videos: 15 videos
2025-07-30 15:32:20 - root - INFO - Training video IDs: [1, 3, 6, 7, 10, 13, 15, 16, 18, 22, 23, 31, 32, 36, 38, 39, 40, 41, 42, 48, 50, 52, 53, 54]
2025-07-30 15:32:20 - root - INFO - Validation video IDs: [0, 2, 8, 12, 17, 19, 24, 26, 27, 28, 30, 33, 46, 49, 51]
2025-07-30 15:32:20 - root - INFO - Using device: cuda
2025-07-30 15:32:29 - root - INFO - Training dataset size: 2152
2025-07-30 15:32:29 - root - INFO - Validation dataset size: 1341
2025-07-30 15:32:29 - root - INFO - Checkpoint directory created: checkpoints
2025-07-30 15:32:29 - root - INFO - Starting training for 20 epochs
2025-07-30 15:32:29 - root - INFO - Starting epoch 1/20
2025-07-30 15:34:29 - root - INFO -   Batch 100/1076 - Loss: 2.0530, Acc: 48.92%
2025-07-30 15:36:24 - root - INFO -   Batch 200/1076 - Loss: 1.2998, Acc: 59.27%
2025-07-30 15:38:15 - root - INFO -   Batch 300/1076 - Loss: 1.0952, Acc: 61.85%
2025-07-30 15:40:00 - root - INFO -   Batch 400/1076 - Loss: 1.0777, Acc: 63.52%
2025-07-30 15:41:53 - root - INFO -   Batch 500/1076 - Loss: 1.1668, Acc: 64.25%
2025-07-30 15:43:39 - root - INFO -   Batch 600/1076 - Loss: 1.0326, Acc: 65.07%
2025-07-30 15:45:24 - root - INFO -   Batch 700/1076 - Loss: 1.0336, Acc: 65.24%
2025-07-30 15:47:14 - root - INFO -   Batch 800/1076 - Loss: 1.4716, Acc: 65.46%
2025-07-30 15:48:59 - root - INFO -   Batch 900/1076 - Loss: 0.8219, Acc: 66.04%
2025-07-30 15:50:50 - root - INFO -   Batch 1000/1076 - Loss: 0.9565, Acc: 66.48%
2025-07-30 15:52:12 - root - INFO - Running validation...
2025-07-30 16:02:35 - root - INFO - Validation completed - Loss: 1.0591, Accuracy: 70.07%
2025-07-30 16:02:35 - root - INFO - Epoch 1/20 Results:
2025-07-30 16:02:35 - root - INFO -   Train Loss: 1.3035, Train Acc: 66.76%
2025-07-30 16:02:35 - root - INFO -   Val Loss: 1.0591, Val Acc: 70.07%
2025-07-30 16:02:35 - root - INFO -   Learning Rate: 0.000010
2025-07-30 16:02:35 - root - INFO - ------------------------------------------------------------
2025-07-30 16:02:35 - root - INFO - New best model saved with validation loss: 1.0591
2025-07-30 16:02:35 - root - INFO - Best model saved to: best_Baseline_B5_A_model.pth
2025-07-30 16:02:35 - root - INFO - Starting epoch 2/20
2025-07-30 16:04:29 - root - INFO -   Batch 100/1076 - Loss: 1.0055, Acc: 72.88%
2025-07-30 16:06:20 - root - INFO -   Batch 200/1076 - Loss: 1.3940, Acc: 71.00%
2025-07-30 16:08:08 - root - INFO -   Batch 300/1076 - Loss: 0.6299, Acc: 71.97%
2025-07-30 16:10:03 - root - INFO -   Batch 400/1076 - Loss: 0.9570, Acc: 71.82%
2025-07-30 16:11:59 - root - INFO -   Batch 500/1076 - Loss: 0.9354, Acc: 71.31%
2025-07-30 16:13:52 - root - INFO -   Batch 600/1076 - Loss: 1.0224, Acc: 71.03%
2025-07-30 16:15:47 - root - INFO -   Batch 700/1076 - Loss: 0.7613, Acc: 71.30%
2025-07-30 16:17:40 - root - INFO -   Batch 800/1076 - Loss: 0.8966, Acc: 71.47%
2025-07-30 16:19:33 - root - INFO -   Batch 900/1076 - Loss: 1.1406, Acc: 71.56%
2025-07-30 16:21:26 - root - INFO -   Batch 1000/1076 - Loss: 1.4252, Acc: 71.95%
2025-07-30 16:22:50 - root - INFO - Running validation...
2025-07-30 16:32:42 - root - INFO - Validation completed - Loss: 0.8886, Accuracy: 73.31%
2025-07-30 16:32:43 - root - INFO - Checkpoint saved for epoch 2 at checkpoints/checkpoint_epoch_2.pth
2025-07-30 16:32:43 - root - INFO - Epoch 2/20 Results:
2025-07-30 16:32:43 - root - INFO -   Train Loss: 0.9379, Train Acc: 72.20%
2025-07-30 16:32:43 - root - INFO -   Val Loss: 0.8886, Val Acc: 73.31%
2025-07-30 16:32:43 - root - INFO -   Learning Rate: 0.000010
2025-07-30 16:32:43 - root - INFO - ------------------------------------------------------------
2025-07-30 16:32:43 - root - INFO - New best model saved with validation loss: 0.8886
2025-07-30 16:32:43 - root - INFO - Best model saved to: best_Baseline_B5_A_model.pth
2025-07-30 16:32:43 - root - INFO - Starting epoch 3/20
2025-07-30 16:34:30 - root - INFO -   Batch 100/1076 - Loss: 0.6495, Acc: 75.50%
2025-07-30 16:36:12 - root - INFO -   Batch 200/1076 - Loss: 1.0445, Acc: 75.60%
2025-07-30 16:37:54 - root - INFO -   Batch 300/1076 - Loss: 1.1744, Acc: 75.89%
2025-07-30 16:39:38 - root - INFO -   Batch 400/1076 - Loss: 0.9046, Acc: 75.83%
2025-07-30 16:41:23 - root - INFO -   Batch 500/1076 - Loss: 1.3156, Acc: 75.93%
2025-07-30 16:43:12 - root - INFO -   Batch 600/1076 - Loss: 0.7608, Acc: 76.33%
2025-07-30 16:44:53 - root - INFO -   Batch 700/1076 - Loss: 0.6615, Acc: 76.57%
2025-07-30 16:46:38 - root - INFO -   Batch 800/1076 - Loss: 0.6295, Acc: 76.90%
2025-07-30 16:48:19 - root - INFO -   Batch 900/1076 - Loss: 0.5432, Acc: 76.95%
2025-07-30 16:50:00 - root - INFO -   Batch 1000/1076 - Loss: 0.4633, Acc: 77.01%
2025-07-30 16:51:18 - root - INFO - Running validation...
2025-07-30 17:01:20 - root - INFO - Validation completed - Loss: 0.7957, Accuracy: 75.45%
2025-07-30 17:01:20 - root - INFO - Epoch 3/20 Results:
2025-07-30 17:01:20 - root - INFO -   Train Loss: 0.7731, Train Acc: 77.20%
2025-07-30 17:01:20 - root - INFO -   Val Loss: 0.7957, Val Acc: 75.45%
2025-07-30 17:01:20 - root - INFO -   Learning Rate: 0.000010
2025-07-30 17:01:20 - root - INFO - ------------------------------------------------------------
2025-07-30 17:01:21 - root - INFO - New best model saved with validation loss: 0.7957
2025-07-30 17:01:21 - root - INFO - Best model saved to: best_Baseline_B5_A_model.pth
2025-07-30 17:01:21 - root - INFO - Starting epoch 4/20
2025-07-30 17:03:14 - root - INFO -   Batch 100/1076 - Loss: 0.8735, Acc: 78.62%
2025-07-30 17:05:00 - root - INFO -   Batch 200/1076 - Loss: 1.0270, Acc: 78.69%
2025-07-30 17:06:47 - root - INFO -   Batch 300/1076 - Loss: 0.7509, Acc: 79.25%
2025-07-30 17:08:31 - root - INFO -   Batch 400/1076 - Loss: 0.5392, Acc: 79.71%
2025-07-30 17:10:16 - root - INFO -   Batch 500/1076 - Loss: 0.5988, Acc: 79.65%
2025-07-30 17:12:02 - root - INFO -   Batch 600/1076 - Loss: 0.6835, Acc: 79.99%
2025-07-30 17:13:44 - root - INFO -   Batch 700/1076 - Loss: 1.1165, Acc: 80.01%
2025-07-30 17:15:27 - root - INFO -   Batch 800/1076 - Loss: 0.7786, Acc: 79.98%
2025-07-30 17:17:08 - root - INFO -   Batch 900/1076 - Loss: 0.6233, Acc: 80.10%
2025-07-30 17:18:51 - root - INFO -   Batch 1000/1076 - Loss: 0.6205, Acc: 80.10%
2025-07-30 17:20:09 - root - INFO - Running validation...
2025-07-30 17:29:38 - root - INFO - Validation completed - Loss: 0.7814, Accuracy: 76.19%
2025-07-30 17:29:39 - root - INFO - Checkpoint saved for epoch 4 at checkpoints/checkpoint_epoch_4.pth
2025-07-30 17:29:39 - root - INFO - Epoch 4/20 Results:
2025-07-30 17:29:39 - root - INFO -   Train Loss: 0.6798, Train Acc: 80.27%
2025-07-30 17:29:39 - root - INFO -   Val Loss: 0.7814, Val Acc: 76.19%
2025-07-30 17:29:39 - root - INFO -   Learning Rate: 0.000010
2025-07-30 17:29:39 - root - INFO - ------------------------------------------------------------
2025-07-30 17:29:39 - root - INFO - New best model saved with validation loss: 0.7814
2025-07-30 17:29:39 - root - INFO - Best model saved to: best_Baseline_B5_A_model.pth
2025-07-30 17:29:39 - root - INFO - Starting epoch 5/20
2025-07-30 17:31:23 - root - INFO -   Batch 100/1076 - Loss: 0.3853, Acc: 82.21%
2025-07-30 17:33:08 - root - INFO -   Batch 200/1076 - Loss: 0.8160, Acc: 82.44%
2025-07-30 17:34:51 - root - INFO -   Batch 300/1076 - Loss: 0.3762, Acc: 82.40%
2025-07-30 17:36:33 - root - INFO -   Batch 400/1076 - Loss: 0.7804, Acc: 82.34%
2025-07-30 17:38:15 - root - INFO -   Batch 500/1076 - Loss: 0.3564, Acc: 82.55%
2025-07-30 17:39:53 - root - INFO -   Batch 600/1076 - Loss: 0.5139, Acc: 82.49%
2025-07-30 17:41:37 - root - INFO -   Batch 700/1076 - Loss: 0.5786, Acc: 82.42%
2025-07-30 17:43:20 - root - INFO -   Batch 800/1076 - Loss: 0.5274, Acc: 82.68%
2025-07-30 17:45:03 - root - INFO -   Batch 900/1076 - Loss: 0.8500, Acc: 82.64%
2025-07-30 17:46:44 - root - INFO -   Batch 1000/1076 - Loss: 0.4319, Acc: 82.65%
2025-07-30 17:48:04 - root - INFO - Running validation...
2025-07-30 17:57:30 - root - INFO - Validation completed - Loss: 0.7630, Accuracy: 75.42%
2025-07-30 17:57:30 - root - INFO - Epoch 5/20 Results:
2025-07-30 17:57:30 - root - INFO -   Train Loss: 0.6144, Train Acc: 82.45%
2025-07-30 17:57:30 - root - INFO -   Val Loss: 0.7630, Val Acc: 75.42%
2025-07-30 17:57:30 - root - INFO -   Learning Rate: 0.000010
2025-07-30 17:57:30 - root - INFO - ------------------------------------------------------------
2025-07-30 17:57:31 - root - INFO - New best model saved with validation loss: 0.7630
2025-07-30 17:57:31 - root - INFO - Best model saved to: best_Baseline_B5_A_model.pth
2025-07-30 17:57:31 - root - INFO - Starting epoch 6/20
2025-07-30 17:59:19 - root - INFO -   Batch 100/1076 - Loss: 0.7112, Acc: 83.92%
2025-07-30 18:01:01 - root - INFO -   Batch 200/1076 - Loss: 0.8232, Acc: 84.42%
2025-07-30 18:02:48 - root - INFO -   Batch 300/1076 - Loss: 0.7960, Acc: 84.26%
2025-07-30 18:04:34 - root - INFO -   Batch 400/1076 - Loss: 0.3940, Acc: 84.67%
2025-07-30 18:06:22 - root - INFO -   Batch 500/1076 - Loss: 0.4753, Acc: 84.47%
2025-07-30 18:08:05 - root - INFO -   Batch 600/1076 - Loss: 0.5543, Acc: 84.07%
2025-07-30 18:09:52 - root - INFO -   Batch 700/1076 - Loss: 0.2141, Acc: 84.24%
2025-07-30 18:11:33 - root - INFO -   Batch 800/1076 - Loss: 0.2290, Acc: 84.26%
2025-07-30 18:13:17 - root - INFO -   Batch 900/1076 - Loss: 0.4472, Acc: 84.35%
2025-07-30 18:15:01 - root - INFO -   Batch 1000/1076 - Loss: 0.4183, Acc: 84.45%
2025-07-30 18:16:21 - root - INFO - Running validation...
2025-07-30 18:25:44 - root - INFO - Validation completed - Loss: 0.7591, Accuracy: 76.68%
2025-07-30 18:25:45 - root - INFO - Checkpoint saved for epoch 6 at checkpoints/checkpoint_epoch_6.pth
2025-07-30 18:25:45 - root - INFO - Epoch 6/20 Results:
2025-07-30 18:25:45 - root - INFO -   Train Loss: 0.5570, Train Acc: 84.50%
2025-07-30 18:25:45 - root - INFO -   Val Loss: 0.7591, Val Acc: 76.68%
2025-07-30 18:25:45 - root - INFO -   Learning Rate: 0.000010
2025-07-30 18:25:45 - root - INFO - ------------------------------------------------------------
2025-07-30 18:25:45 - root - INFO - New best model saved with validation loss: 0.7591
2025-07-30 18:25:45 - root - INFO - Best model saved to: best_Baseline_B5_A_model.pth
2025-07-30 18:25:45 - root - INFO - Starting epoch 7/20
2025-07-30 18:27:33 - root - INFO -   Batch 100/1076 - Loss: 0.4051, Acc: 86.46%
2025-07-30 18:29:18 - root - INFO -   Batch 200/1076 - Loss: 0.3207, Acc: 86.44%
2025-07-30 18:31:03 - root - INFO -   Batch 300/1076 - Loss: 0.5468, Acc: 86.61%
2025-07-30 18:32:44 - root - INFO -   Batch 400/1076 - Loss: 0.3761, Acc: 86.71%
2025-07-30 18:34:28 - root - INFO -   Batch 500/1076 - Loss: 0.5888, Acc: 86.77%
2025-07-30 18:36:11 - root - INFO -   Batch 600/1076 - Loss: 0.3481, Acc: 86.67%
2025-07-30 18:37:50 - root - INFO -   Batch 700/1076 - Loss: 0.2432, Acc: 86.70%
2025-07-30 18:39:31 - root - INFO -   Batch 800/1076 - Loss: 0.3296, Acc: 86.58%
2025-07-30 18:41:11 - root - INFO -   Batch 900/1076 - Loss: 0.2491, Acc: 86.43%
2025-07-30 18:42:55 - root - INFO -   Batch 1000/1076 - Loss: 0.3759, Acc: 86.43%
2025-07-30 18:44:14 - root - INFO - Running validation...
2025-07-30 18:53:40 - root - INFO - Validation completed - Loss: 0.7844, Accuracy: 75.11%
2025-07-30 18:53:40 - root - INFO - Epoch 7/20 Results:
2025-07-30 18:53:40 - root - INFO -   Train Loss: 0.5046, Train Acc: 86.50%
2025-07-30 18:53:40 - root - INFO -   Val Loss: 0.7844, Val Acc: 75.11%
2025-07-30 18:53:40 - root - INFO -   Learning Rate: 0.000010
2025-07-30 18:53:40 - root - INFO - ------------------------------------------------------------
2025-07-30 18:53:40 - root - INFO - Starting epoch 8/20
2025-07-30 18:55:26 - root - INFO -   Batch 100/1076 - Loss: 0.3013, Acc: 88.12%
2025-07-30 18:57:08 - root - INFO -   Batch 200/1076 - Loss: 0.2913, Acc: 88.92%
2025-07-30 18:58:51 - root - INFO -   Batch 300/1076 - Loss: 0.5232, Acc: 88.62%
2025-07-30 19:00:35 - root - INFO -   Batch 400/1076 - Loss: 0.4034, Acc: 88.76%
2025-07-30 19:02:17 - root - INFO -   Batch 500/1076 - Loss: 0.5566, Acc: 88.63%
2025-07-30 19:04:02 - root - INFO -   Batch 600/1076 - Loss: 0.5361, Acc: 88.54%
2025-07-30 19:05:44 - root - INFO -   Batch 700/1076 - Loss: 0.2666, Acc: 88.49%
2025-07-30 19:07:28 - root - INFO -   Batch 800/1076 - Loss: 0.2077, Acc: 88.55%
2025-07-30 19:09:11 - root - INFO -   Batch 900/1076 - Loss: 0.4410, Acc: 88.61%
2025-07-30 19:10:55 - root - INFO -   Batch 1000/1076 - Loss: 0.2008, Acc: 88.42%
2025-07-30 19:12:10 - root - INFO - Running validation...
2025-07-30 19:21:33 - root - INFO - Validation completed - Loss: 0.7866, Accuracy: 76.56%
2025-07-30 19:21:33 - root - INFO - Checkpoint saved for epoch 8 at checkpoints/checkpoint_epoch_8.pth
2025-07-30 19:21:33 - root - INFO - Epoch 8/20 Results:
2025-07-30 19:21:33 - root - INFO -   Train Loss: 0.4556, Train Acc: 88.44%
2025-07-30 19:21:33 - root - INFO -   Val Loss: 0.7866, Val Acc: 76.56%
2025-07-30 19:21:33 - root - INFO -   Learning Rate: 0.000010
2025-07-30 19:21:33 - root - INFO - ------------------------------------------------------------
2025-07-30 19:21:33 - root - INFO - Starting epoch 9/20
2025-07-30 19:23:20 - root - INFO -   Batch 100/1076 - Loss: 0.4946, Acc: 90.75%
2025-07-30 19:25:05 - root - INFO -   Batch 200/1076 - Loss: 0.2430, Acc: 91.04%
2025-07-30 19:26:51 - root - INFO -   Batch 300/1076 - Loss: 0.2560, Acc: 90.79%
2025-07-30 19:28:36 - root - INFO -   Batch 400/1076 - Loss: 0.3338, Acc: 90.54%
2025-07-30 19:30:20 - root - INFO -   Batch 500/1076 - Loss: 0.5689, Acc: 90.20%
2025-07-30 19:32:04 - root - INFO -   Batch 600/1076 - Loss: 0.2427, Acc: 90.22%
2025-07-30 19:33:49 - root - INFO -   Batch 700/1076 - Loss: 0.5435, Acc: 90.22%
2025-07-30 19:35:30 - root - INFO -   Batch 800/1076 - Loss: 0.7984, Acc: 90.13%
2025-07-30 19:37:16 - root - INFO -   Batch 900/1076 - Loss: 0.5990, Acc: 90.14%
2025-07-30 19:39:01 - root - INFO -   Batch 1000/1076 - Loss: 0.1854, Acc: 90.11%
2025-07-30 19:40:16 - root - INFO - Running validation...
2025-07-30 19:49:39 - root - INFO - Validation completed - Loss: 0.8312, Accuracy: 74.91%
2025-07-30 19:49:39 - root - INFO - Learning rate reduced from 0.000010 to 0.000001
2025-07-30 19:49:39 - root - INFO - Epoch 9/20 Results:
2025-07-30 19:49:39 - root - INFO -   Train Loss: 0.4064, Train Acc: 90.07%
2025-07-30 19:49:39 - root - INFO -   Val Loss: 0.8312, Val Acc: 74.91%
2025-07-30 19:49:39 - root - INFO -   Learning Rate: 0.000001
2025-07-30 19:49:39 - root - INFO - ------------------------------------------------------------
2025-07-30 19:49:39 - root - INFO - Starting epoch 10/20
2025-07-30 19:51:26 - root - INFO -   Batch 100/1076 - Loss: 0.1802, Acc: 91.62%
2025-07-30 19:53:08 - root - INFO -   Batch 200/1076 - Loss: 0.4045, Acc: 91.19%
2025-07-30 19:54:52 - root - INFO -   Batch 300/1076 - Loss: 0.8743, Acc: 91.39%
2025-07-30 19:56:36 - root - INFO -   Batch 400/1076 - Loss: 0.2254, Acc: 91.83%
2025-07-30 19:58:20 - root - INFO -   Batch 500/1076 - Loss: 0.5243, Acc: 91.71%
2025-07-30 20:00:04 - root - INFO -   Batch 600/1076 - Loss: 0.3170, Acc: 92.05%
2025-07-30 20:01:47 - root - INFO -   Batch 700/1076 - Loss: 0.4276, Acc: 92.00%
2025-07-30 20:03:28 - root - INFO -   Batch 800/1076 - Loss: 0.4099, Acc: 92.14%
2025-07-30 20:05:16 - root - INFO -   Batch 900/1076 - Loss: 0.3219, Acc: 92.24%
2025-07-30 20:07:03 - root - INFO -   Batch 1000/1076 - Loss: 0.8136, Acc: 92.28%
2025-07-30 20:08:21 - root - INFO - Running validation...
2025-07-30 20:17:46 - root - INFO - Validation completed - Loss: 0.8240, Accuracy: 75.98%
2025-07-30 20:17:47 - root - INFO - Checkpoint saved for epoch 10 at checkpoints/checkpoint_epoch_10.pth
2025-07-30 20:17:47 - root - INFO - Epoch 10/20 Results:
2025-07-30 20:17:47 - root - INFO -   Train Loss: 0.3544, Train Acc: 92.27%
2025-07-30 20:17:47 - root - INFO -   Val Loss: 0.8240, Val Acc: 75.98%
2025-07-30 20:17:47 - root - INFO -   Learning Rate: 0.000001
2025-07-30 20:17:47 - root - INFO - ------------------------------------------------------------
2025-07-30 20:17:47 - root - INFO - Starting epoch 11/20
2025-07-30 20:19:34 - root - INFO -   Batch 100/1076 - Loss: 0.7344, Acc: 91.71%
2025-07-30 20:21:16 - root - INFO -   Batch 200/1076 - Loss: 0.2644, Acc: 92.04%
2025-07-30 20:23:03 - root - INFO -   Batch 300/1076 - Loss: 0.2941, Acc: 92.35%
2025-07-30 20:24:45 - root - INFO -   Batch 400/1076 - Loss: 0.2558, Acc: 92.27%
2025-07-30 20:26:27 - root - INFO -   Batch 500/1076 - Loss: 0.3852, Acc: 92.52%
2025-07-30 20:28:09 - root - INFO -   Batch 600/1076 - Loss: 0.2988, Acc: 92.53%
2025-07-30 20:29:53 - root - INFO -   Batch 700/1076 - Loss: 0.7660, Acc: 92.54%
2025-07-30 20:31:36 - root - INFO -   Batch 800/1076 - Loss: 0.2140, Acc: 92.60%
2025-07-30 20:33:22 - root - INFO -   Batch 900/1076 - Loss: 0.2683, Acc: 92.55%
2025-07-30 20:35:05 - root - INFO -   Batch 1000/1076 - Loss: 0.3420, Acc: 92.60%
2025-07-30 20:36:20 - root - INFO - Running validation...
2025-07-30 20:45:40 - root - INFO - Validation completed - Loss: 0.8355, Accuracy: 75.56%
2025-07-30 20:45:40 - root - INFO - Epoch 11/20 Results:
2025-07-30 20:45:40 - root - INFO -   Train Loss: 0.3485, Train Acc: 92.62%
2025-07-30 20:45:40 - root - INFO -   Val Loss: 0.8355, Val Acc: 75.56%
2025-07-30 20:45:40 - root - INFO -   Learning Rate: 0.000001
2025-07-30 20:45:40 - root - INFO - ------------------------------------------------------------
2025-07-30 20:45:40 - root - INFO - Starting epoch 12/20
2025-07-30 20:47:28 - root - INFO -   Batch 100/1076 - Loss: 0.3962, Acc: 92.42%
2025-07-30 20:49:13 - root - INFO -   Batch 200/1076 - Loss: 0.2772, Acc: 93.00%
2025-07-30 20:50:57 - root - INFO -   Batch 300/1076 - Loss: 0.3019, Acc: 93.19%
2025-07-30 20:52:40 - root - INFO -   Batch 400/1076 - Loss: 0.2341, Acc: 93.30%
2025-07-30 20:54:23 - root - INFO -   Batch 500/1076 - Loss: 0.3515, Acc: 93.32%
2025-07-30 20:56:08 - root - INFO -   Batch 600/1076 - Loss: 0.2221, Acc: 93.36%
2025-07-30 20:57:52 - root - INFO -   Batch 700/1076 - Loss: 0.4810, Acc: 93.15%
2025-07-30 20:59:34 - root - INFO -   Batch 800/1076 - Loss: 0.4334, Acc: 93.18%
2025-07-30 21:01:19 - root - INFO -   Batch 900/1076 - Loss: 0.2364, Acc: 93.15%
2025-07-30 21:03:04 - root - INFO -   Batch 1000/1076 - Loss: 0.5789, Acc: 93.14%
2025-07-30 21:04:23 - root - INFO - Running validation...
2025-07-30 21:13:53 - root - INFO - Validation completed - Loss: 0.8514, Accuracy: 74.69%
2025-07-30 21:13:53 - root - INFO - Learning rate reduced from 0.000001 to 0.000000
2025-07-30 21:13:54 - root - INFO - Checkpoint saved for epoch 12 at checkpoints/checkpoint_epoch_12.pth
2025-07-30 21:13:54 - root - INFO - Epoch 12/20 Results:
2025-07-30 21:13:54 - root - INFO -   Train Loss: 0.3376, Train Acc: 93.10%
2025-07-30 21:13:54 - root - INFO -   Val Loss: 0.8514, Val Acc: 74.69%
2025-07-30 21:13:54 - root - INFO -   Learning Rate: 0.000000
2025-07-30 21:13:54 - root - INFO - ------------------------------------------------------------
2025-07-30 21:13:54 - root - INFO - Starting epoch 13/20
2025-07-30 21:15:38 - root - INFO -   Batch 100/1076 - Loss: 0.2434, Acc: 91.71%
2025-07-30 21:17:23 - root - INFO -   Batch 200/1076 - Loss: 0.4402, Acc: 92.19%
